Preparing Datasets...
The depth from LiDAR data of each frame will be loaded from /home/clear/fbartocc/working_data/Argoverse_projected_lidar.
The depth from LiDAR data of each frame will be loaded from /home/clear/fbartocc/working_data/Argoverse_sparse_projected_lidar.
Dataset for split train ready.

------------------------------------------------------------------------------------------


The depth from LiDAR data of each frame will be loaded from /home/clear/fbartocc/working_data/Argoverse_projected_lidar.
Dataset for split val ready.

------------------------------------------------------------------------------------------


The depth from LiDAR data of each frame will be loaded from /home/clear/fbartocc/working_data/Argoverse_projected_lidar.
Dataset for split test ready.

------------------------------------------------------------------------------------------


Missing logger folder: /home/clear/fbartocc/output_data/depth_project/FrontCamMonocularDepthArgo/logs/scratch_hinted_ranger_cosannealstart=25e-2_lr=9e-5_bs=8_resnet18_062620_163348
GPU available: True, used: True
TPU available: False, using: 0 TPU cores
CUDA_VISIBLE_DEVICES: [1]
DepthNet's optimizer configured.
PoseNet's optimizer configured.
Optimizers and Schedulers configured.

  | Name         | Type                           | Params
----------------------------------------------------------------
0 | depth_net    | DepthResNet                    | 14 M  
1 | pose_net     | PoseResNet                     | 13 M  
2 | _hinted_loss | HintedMultiViewPhotometricLoss | 0     
/opt/conda/conda-bld/pytorch_1587428094786/work/torch/csrc/utils/python_arg_parser.cpp:756: UserWarning: This overload of addcmul_ is deprecated:
	addcmul_(Number value, Tensor tensor1, Tensor tensor2)
Consider using one of the following signatures instead:
	addcmul_(Tensor tensor1, Tensor tensor2, *, Number value)

Epoch 00001: val-rmse_log reached 1.79281 (best 1.79281), saving model to /home/clear/fbartocc/output_data/depth_project/FrontCamMonocularDepthArgo/outputs/scratch_hinted_ranger_cosannealstart=25e-2_lr=9e-5_bs=8_resnet18_062620_163348/version_0/epoch=0001-val-rmse_log=1.79281.ckpt as top 3

Epoch 00002: val-rmse_log reached 0.71273 (best 0.71273), saving model to /home/clear/fbartocc/output_data/depth_project/FrontCamMonocularDepthArgo/outputs/scratch_hinted_ranger_cosannealstart=25e-2_lr=9e-5_bs=8_resnet18_062620_163348/version_0/epoch=0002-val-rmse_log=0.71273.ckpt as top 3

Epoch 00003: val-rmse_log reached 0.71327 (best 0.71273), saving model to /home/clear/fbartocc/output_data/depth_project/FrontCamMonocularDepthArgo/outputs/scratch_hinted_ranger_cosannealstart=25e-2_lr=9e-5_bs=8_resnet18_062620_163348/version_0/epoch=0003-val-rmse_log=0.71327.ckpt as top 3

Epoch 00004: val-rmse_log reached 0.71338 (best 0.71273), saving model to /home/clear/fbartocc/output_data/depth_project/FrontCamMonocularDepthArgo/outputs/scratch_hinted_ranger_cosannealstart=25e-2_lr=9e-5_bs=8_resnet18_062620_163348/version_0/epoch=0004-val-rmse_log=0.71338.ckpt as top 3

Epoch 00005: val-rmse_log  was not in top 3

Epoch 00006: val-rmse_log  was not in top 3

Epoch 00007: val-rmse_log  was not in top 3

Epoch 00008: val-rmse_log  was not in top 3

Epoch 00009: val-rmse_log  was not in top 3

Epoch 00010: val-rmse_log  was not in top 3

Epoch 00011: val-rmse_log  was not in top 3

Epoch 00012: val-rmse_log  was not in top 3

Epoch 00013: val-rmse_log  was not in top 3

Epoch 00014: val-rmse_log  was not in top 3

Epoch 00015: val-rmse_log  was not in top 3

Epoch 00016: val-rmse_log  was not in top 3

Epoch 00017: val-rmse_log  was not in top 3

Epoch 00018: val-rmse_log  was not in top 3

Epoch 00019: val-rmse_log  was not in top 3

Epoch 00020: val-rmse_log  was not in top 3

Epoch 00021: val-rmse_log  was not in top 3

Epoch 00022: val-rmse_log  was not in top 3

Epoch 00023: val-rmse_log  was not in top 3

Epoch 00024: val-rmse_log  was not in top 3

Epoch 00025: val-rmse_log  was not in top 3

Epoch 00026: val-rmse_log  was not in top 3

Epoch 00027: val-rmse_log  was not in top 3

Epoch 00028: val-rmse_log  was not in top 3

Epoch 00029: val-rmse_log reached 0.71330 (best 0.71273), saving model to /home/clear/fbartocc/output_data/depth_project/FrontCamMonocularDepthArgo/outputs/scratch_hinted_ranger_cosannealstart=25e-2_lr=9e-5_bs=8_resnet18_062620_163348/version_0/epoch=0029-val-rmse_log=0.71330.ckpt as top 3

Epoch 00030: val-rmse_log reached 0.65264 (best 0.65264), saving model to /home/clear/fbartocc/output_data/depth_project/FrontCamMonocularDepthArgo/outputs/scratch_hinted_ranger_cosannealstart=25e-2_lr=9e-5_bs=8_resnet18_062620_163348/version_0/epoch=0030-val-rmse_log=0.65264.ckpt as top 3

Epoch 00031: val-rmse_log  was not in top 3

Epoch 00032: val-rmse_log  was not in top 3

Epoch 00033: val-rmse_log  was not in top 3

Epoch 00034: val-rmse_log  was not in top 3

Epoch 00035: val-rmse_log  was not in top 3

Epoch 00036: val-rmse_log  was not in top 3

Epoch 00037: val-rmse_log  was not in top 3

Epoch 00038: val-rmse_log reached 0.66098 (best 0.65264), saving model to /home/clear/fbartocc/output_data/depth_project/FrontCamMonocularDepthArgo/outputs/scratch_hinted_ranger_cosannealstart=25e-2_lr=9e-5_bs=8_resnet18_062620_163348/version_0/epoch=0038-val-rmse_log=0.66098.ckpt as top 3

Epoch 00039: val-rmse_log reached 0.63723 (best 0.63723), saving model to /home/clear/fbartocc/output_data/depth_project/FrontCamMonocularDepthArgo/outputs/scratch_hinted_ranger_cosannealstart=25e-2_lr=9e-5_bs=8_resnet18_062620_163348/version_0/epoch=0039-val-rmse_log=0.63723.ckpt as top 3

Epoch 00040: val-rmse_log reached 0.62608 (best 0.62608), saving model to /home/clear/fbartocc/output_data/depth_project/FrontCamMonocularDepthArgo/outputs/scratch_hinted_ranger_cosannealstart=25e-2_lr=9e-5_bs=8_resnet18_062620_163348/version_0/epoch=0040-val-rmse_log=0.62608.ckpt as top 3

Epoch 00041: val-rmse_log reached 0.61984 (best 0.61984), saving model to /home/clear/fbartocc/output_data/depth_project/FrontCamMonocularDepthArgo/outputs/scratch_hinted_ranger_cosannealstart=25e-2_lr=9e-5_bs=8_resnet18_062620_163348/version_0/epoch=0041-val-rmse_log=0.61984.ckpt as top 3

Epoch 00042: val-rmse_log reached 0.61788 (best 0.61788), saving model to /home/clear/fbartocc/output_data/depth_project/FrontCamMonocularDepthArgo/outputs/scratch_hinted_ranger_cosannealstart=25e-2_lr=9e-5_bs=8_resnet18_062620_163348/version_0/epoch=0042-val-rmse_log=0.61788.ckpt as top 3

Epoch 00043: val-rmse_log reached 0.61975 (best 0.61788), saving model to /home/clear/fbartocc/output_data/depth_project/FrontCamMonocularDepthArgo/outputs/scratch_hinted_ranger_cosannealstart=25e-2_lr=9e-5_bs=8_resnet18_062620_163348/version_0/epoch=0043-val-rmse_log=0.61975.ckpt as top 3

Epoch 00044: val-rmse_log reached 0.61952 (best 0.61788), saving model to /home/clear/fbartocc/output_data/depth_project/FrontCamMonocularDepthArgo/outputs/scratch_hinted_ranger_cosannealstart=25e-2_lr=9e-5_bs=8_resnet18_062620_163348/version_0/epoch=0044-val-rmse_log=0.61952.ckpt as top 3

Epoch 00045: val-rmse_log  was not in top 3

Epoch 00046: val-rmse_log  was not in top 3

Epoch 00047: val-rmse_log  was not in top 3

Epoch 00048: val-rmse_log  was not in top 3

Epoch 00049: val-rmse_log  was not in top 3

Epoch 00050: val-rmse_log reached 0.61939 (best 0.61788), saving model to /home/clear/fbartocc/output_data/depth_project/FrontCamMonocularDepthArgo/outputs/scratch_hinted_ranger_cosannealstart=25e-2_lr=9e-5_bs=8_resnet18_062620_163348/version_0/epoch=0050-val-rmse_log=0.61939.ckpt as top 3
DepthNet's optimizer configured.
PoseNet's optimizer configured.
Optimizers and Schedulers configured.
