Preparing Datasets...
The depth from LiDAR data of each frame will be loaded from /home/clear/fbartocc/working_data/Argoverse_projected_lidar.
The depth from LiDAR data of each frame will be loaded from /home/clear/fbartocc/working_data/Argoverse_sparse_projected_lidar.
Dataset for split train ready.

------------------------------------------------------------------------------------------


The depth from LiDAR data of each frame will be loaded from /home/clear/fbartocc/working_data/Argoverse_projected_lidar.
Dataset for split val ready.

------------------------------------------------------------------------------------------


The depth from LiDAR data of each frame will be loaded from /home/clear/fbartocc/working_data/Argoverse_projected_lidar.
Dataset for split test ready.

------------------------------------------------------------------------------------------


Missing logger folder: /home/clear/fbartocc/output_data/depth_project/FrontCamMonocularDepthArgo/logs/scratch_photo_ranger_cosannealstart=25e-2_lr=9e-5_bs=8_resnet18_062620_163346
GPU available: True, used: True
TPU available: False, using: 0 TPU cores
CUDA_VISIBLE_DEVICES: [1]
DepthNet's optimizer configured.
PoseNet's optimizer configured.
Optimizers and Schedulers configured.

  | Name                 | Type                     | Params
------------------------------------------------------------------
0 | depth_net            | DepthResNet              | 14 M  
1 | pose_net             | PoseResNet               | 13 M  
2 | self_supervised_loss | MultiViewPhotometricLoss | 0     
/opt/conda/conda-bld/pytorch_1587428094786/work/torch/csrc/utils/python_arg_parser.cpp:756: UserWarning: This overload of addcmul_ is deprecated:
	addcmul_(Number value, Tensor tensor1, Tensor tensor2)
Consider using one of the following signatures instead:
	addcmul_(Tensor tensor1, Tensor tensor2, *, Number value)

Epoch 00001: val-rmse_log reached 1.00147 (best 1.00147), saving model to /home/clear/fbartocc/output_data/depth_project/FrontCamMonocularDepthArgo/outputs/scratch_photo_ranger_cosannealstart=25e-2_lr=9e-5_bs=8_resnet18_062620_163346/version_0/epoch=0001-val-rmse_log=1.00147.ckpt as top 3

Epoch 00002: val-rmse_log reached 0.84536 (best 0.84536), saving model to /home/clear/fbartocc/output_data/depth_project/FrontCamMonocularDepthArgo/outputs/scratch_photo_ranger_cosannealstart=25e-2_lr=9e-5_bs=8_resnet18_062620_163346/version_0/epoch=0002-val-rmse_log=0.84536.ckpt as top 3

Epoch 00003: val-rmse_log reached 0.82373 (best 0.82373), saving model to /home/clear/fbartocc/output_data/depth_project/FrontCamMonocularDepthArgo/outputs/scratch_photo_ranger_cosannealstart=25e-2_lr=9e-5_bs=8_resnet18_062620_163346/version_0/epoch=0003-val-rmse_log=0.82373.ckpt as top 3

Epoch 00004: val-rmse_log reached 0.88394 (best 0.82373), saving model to /home/clear/fbartocc/output_data/depth_project/FrontCamMonocularDepthArgo/outputs/scratch_photo_ranger_cosannealstart=25e-2_lr=9e-5_bs=8_resnet18_062620_163346/version_0/epoch=0004-val-rmse_log=0.88394.ckpt as top 3

Epoch 00005: val-rmse_log reached 0.68019 (best 0.68019), saving model to /home/clear/fbartocc/output_data/depth_project/FrontCamMonocularDepthArgo/outputs/scratch_photo_ranger_cosannealstart=25e-2_lr=9e-5_bs=8_resnet18_062620_163346/version_0/epoch=0005-val-rmse_log=0.68019.ckpt as top 3

Epoch 00006: val-rmse_log reached 0.66869 (best 0.66869), saving model to /home/clear/fbartocc/output_data/depth_project/FrontCamMonocularDepthArgo/outputs/scratch_photo_ranger_cosannealstart=25e-2_lr=9e-5_bs=8_resnet18_062620_163346/version_0/epoch=0006-val-rmse_log=0.66869.ckpt as top 3

Epoch 00007: val-rmse_log reached 0.63285 (best 0.63285), saving model to /home/clear/fbartocc/output_data/depth_project/FrontCamMonocularDepthArgo/outputs/scratch_photo_ranger_cosannealstart=25e-2_lr=9e-5_bs=8_resnet18_062620_163346/version_0/epoch=0007-val-rmse_log=0.63285.ckpt as top 3

Epoch 00008: val-rmse_log reached 0.60905 (best 0.60905), saving model to /home/clear/fbartocc/output_data/depth_project/FrontCamMonocularDepthArgo/outputs/scratch_photo_ranger_cosannealstart=25e-2_lr=9e-5_bs=8_resnet18_062620_163346/version_0/epoch=0008-val-rmse_log=0.60905.ckpt as top 3

Epoch 00009: val-rmse_log reached 0.61156 (best 0.60905), saving model to /home/clear/fbartocc/output_data/depth_project/FrontCamMonocularDepthArgo/outputs/scratch_photo_ranger_cosannealstart=25e-2_lr=9e-5_bs=8_resnet18_062620_163346/version_0/epoch=0009-val-rmse_log=0.61156.ckpt as top 3

Epoch 00010: val-rmse_log reached 0.60794 (best 0.60794), saving model to /home/clear/fbartocc/output_data/depth_project/FrontCamMonocularDepthArgo/outputs/scratch_photo_ranger_cosannealstart=25e-2_lr=9e-5_bs=8_resnet18_062620_163346/version_0/epoch=0010-val-rmse_log=0.60794.ckpt as top 3

Epoch 00011: val-rmse_log reached 0.58678 (best 0.58678), saving model to /home/clear/fbartocc/output_data/depth_project/FrontCamMonocularDepthArgo/outputs/scratch_photo_ranger_cosannealstart=25e-2_lr=9e-5_bs=8_resnet18_062620_163346/version_0/epoch=0011-val-rmse_log=0.58678.ckpt as top 3

Epoch 00012: val-rmse_log reached 0.57886 (best 0.57886), saving model to /home/clear/fbartocc/output_data/depth_project/FrontCamMonocularDepthArgo/outputs/scratch_photo_ranger_cosannealstart=25e-2_lr=9e-5_bs=8_resnet18_062620_163346/version_0/epoch=0012-val-rmse_log=0.57886.ckpt as top 3

Epoch 00013: val-rmse_log  was not in top 3

Epoch 00014: val-rmse_log reached 0.57760 (best 0.57760), saving model to /home/clear/fbartocc/output_data/depth_project/FrontCamMonocularDepthArgo/outputs/scratch_photo_ranger_cosannealstart=25e-2_lr=9e-5_bs=8_resnet18_062620_163346/version_0/epoch=0014-val-rmse_log=0.57760.ckpt as top 3

Epoch 00015: val-rmse_log reached 0.56326 (best 0.56326), saving model to /home/clear/fbartocc/output_data/depth_project/FrontCamMonocularDepthArgo/outputs/scratch_photo_ranger_cosannealstart=25e-2_lr=9e-5_bs=8_resnet18_062620_163346/version_0/epoch=0015-val-rmse_log=0.56326.ckpt as top 3

Epoch 00016: val-rmse_log reached 0.55915 (best 0.55915), saving model to /home/clear/fbartocc/output_data/depth_project/FrontCamMonocularDepthArgo/outputs/scratch_photo_ranger_cosannealstart=25e-2_lr=9e-5_bs=8_resnet18_062620_163346/version_0/epoch=0016-val-rmse_log=0.55915.ckpt as top 3

Epoch 00017: val-rmse_log reached 0.55740 (best 0.55740), saving model to /home/clear/fbartocc/output_data/depth_project/FrontCamMonocularDepthArgo/outputs/scratch_photo_ranger_cosannealstart=25e-2_lr=9e-5_bs=8_resnet18_062620_163346/version_0/epoch=0017-val-rmse_log=0.55740.ckpt as top 3

Epoch 00018: val-rmse_log  was not in top 3

Epoch 00019: val-rmse_log reached 0.56172 (best 0.55740), saving model to /home/clear/fbartocc/output_data/depth_project/FrontCamMonocularDepthArgo/outputs/scratch_photo_ranger_cosannealstart=25e-2_lr=9e-5_bs=8_resnet18_062620_163346/version_0/epoch=0019-val-rmse_log=0.56172.ckpt as top 3

Epoch 00020: val-rmse_log reached 0.53817 (best 0.53817), saving model to /home/clear/fbartocc/output_data/depth_project/FrontCamMonocularDepthArgo/outputs/scratch_photo_ranger_cosannealstart=25e-2_lr=9e-5_bs=8_resnet18_062620_163346/version_0/epoch=0020-val-rmse_log=0.53817.ckpt as top 3

Epoch 00021: val-rmse_log reached 0.53812 (best 0.53812), saving model to /home/clear/fbartocc/output_data/depth_project/FrontCamMonocularDepthArgo/outputs/scratch_photo_ranger_cosannealstart=25e-2_lr=9e-5_bs=8_resnet18_062620_163346/version_0/epoch=0021-val-rmse_log=0.53812.ckpt as top 3

Epoch 00022: val-rmse_log reached 0.53637 (best 0.53637), saving model to /home/clear/fbartocc/output_data/depth_project/FrontCamMonocularDepthArgo/outputs/scratch_photo_ranger_cosannealstart=25e-2_lr=9e-5_bs=8_resnet18_062620_163346/version_0/epoch=0022-val-rmse_log=0.53637.ckpt as top 3

Epoch 00023: val-rmse_log  was not in top 3

Epoch 00024: val-rmse_log  was not in top 3

Epoch 00025: val-rmse_log reached 0.53607 (best 0.53607), saving model to /home/clear/fbartocc/output_data/depth_project/FrontCamMonocularDepthArgo/outputs/scratch_photo_ranger_cosannealstart=25e-2_lr=9e-5_bs=8_resnet18_062620_163346/version_0/epoch=0025-val-rmse_log=0.53607.ckpt as top 3

Epoch 00026: val-rmse_log  was not in top 3

Epoch 00027: val-rmse_log reached 0.53795 (best 0.53607), saving model to /home/clear/fbartocc/output_data/depth_project/FrontCamMonocularDepthArgo/outputs/scratch_photo_ranger_cosannealstart=25e-2_lr=9e-5_bs=8_resnet18_062620_163346/version_0/epoch=0027-val-rmse_log=0.53795.ckpt as top 3

Epoch 00028: val-rmse_log  was not in top 3

Epoch 00029: val-rmse_log  was not in top 3

Epoch 00030: val-rmse_log reached 0.53189 (best 0.53189), saving model to /home/clear/fbartocc/output_data/depth_project/FrontCamMonocularDepthArgo/outputs/scratch_photo_ranger_cosannealstart=25e-2_lr=9e-5_bs=8_resnet18_062620_163346/version_0/epoch=0030-val-rmse_log=0.53189.ckpt as top 3

Epoch 00031: val-rmse_log  was not in top 3

Epoch 00032: val-rmse_log  was not in top 3

Epoch 00033: val-rmse_log  was not in top 3

Epoch 00034: val-rmse_log  was not in top 3

Epoch 00035: val-rmse_log  was not in top 3

Epoch 00036: val-rmse_log  was not in top 3
## OAR [2020-06-28 16:34:02] Job 292203 KILLED ##
