Preparing Datasets...
The GT depth from LiDAR data of each frame will be loaded from /home/clear/fbartocc/working_data/Argoverse_projected_lidar.
The sparse depth from LiDAR data of each frame will be loaded from /home/clear/fbartocc/working_data/Argoverse_sparse_projected_lidar.
Dataset for split train ready.

------------------------------------------------------------------------------------------


The GT depth from LiDAR data of each frame will be loaded from /home/clear/fbartocc/working_data/Argoverse_projected_lidar.
The sparse depth from LiDAR data of each frame will be loaded from /home/clear/fbartocc/working_data/Argoverse_sparse_projected_lidar.
Dataset for split val ready.

------------------------------------------------------------------------------------------


The GT depth from LiDAR data of each frame will be loaded from /home/clear/fbartocc/working_data/Argoverse_projected_lidar.
The sparse depth from LiDAR data of each frame will be loaded from /home/clear/fbartocc/working_data/Argoverse_sparse_projected_lidar.
Dataset for split test ready.

------------------------------------------------------------------------------------------


Missing logger folder: /home/clear/fbartocc/output_data/depth_project/FrontCamMonocularDepthArgo/logs/scratch_photo+vel_ranger_cosannealstart=25e-2_lr=9e-5_bs=8_resnet18_062720_182627
GPU available: True, used: True
TPU available: False, using: 0 TPU cores
CUDA_VISIBLE_DEVICES: [6]
DepthNet's optimizer configured.
PoseNet's optimizer configured.
Optimizers and Schedulers configured.

  | Name                 | Type                     | Params
------------------------------------------------------------------
0 | depth_net            | DepthResNet              | 14 M  
1 | pose_net             | PoseResNet               | 13 M  
2 | self_supervised_loss | MultiViewPhotometricLoss | 0     
3 | _velocity_loss       | VelocityLoss             | 0     
/opt/conda/conda-bld/pytorch_1587428094786/work/torch/csrc/utils/python_arg_parser.cpp:756: UserWarning: This overload of addcmul_ is deprecated:
	addcmul_(Number value, Tensor tensor1, Tensor tensor2)
Consider using one of the following signatures instead:
	addcmul_(Tensor tensor1, Tensor tensor2, *, Number value)

Epoch 00001: val-rmse_log reached 0.85906 (best 0.85906), saving model to /home/clear/fbartocc/output_data/depth_project/FrontCamMonocularDepthArgo/outputs/scratch_photo+vel_ranger_cosannealstart=25e-2_lr=9e-5_bs=8_resnet18_062720_182627/version_0/epoch=0001-val-rmse_log=0.85906.ckpt as top 3

Epoch 00002: val-rmse_log reached 0.91268 (best 0.85906), saving model to /home/clear/fbartocc/output_data/depth_project/FrontCamMonocularDepthArgo/outputs/scratch_photo+vel_ranger_cosannealstart=25e-2_lr=9e-5_bs=8_resnet18_062720_182627/version_0/epoch=0002-val-rmse_log=0.91268.ckpt as top 3

Epoch 00003: val-rmse_log reached 0.82220 (best 0.82220), saving model to /home/clear/fbartocc/output_data/depth_project/FrontCamMonocularDepthArgo/outputs/scratch_photo+vel_ranger_cosannealstart=25e-2_lr=9e-5_bs=8_resnet18_062720_182627/version_0/epoch=0003-val-rmse_log=0.82220.ckpt as top 3

Epoch 00004: val-rmse_log reached 0.78836 (best 0.78836), saving model to /home/clear/fbartocc/output_data/depth_project/FrontCamMonocularDepthArgo/outputs/scratch_photo+vel_ranger_cosannealstart=25e-2_lr=9e-5_bs=8_resnet18_062720_182627/version_0/epoch=0004-val-rmse_log=0.78836.ckpt as top 3

Epoch 00005: val-rmse_log reached 0.82519 (best 0.78836), saving model to /home/clear/fbartocc/output_data/depth_project/FrontCamMonocularDepthArgo/outputs/scratch_photo+vel_ranger_cosannealstart=25e-2_lr=9e-5_bs=8_resnet18_062720_182627/version_0/epoch=0005-val-rmse_log=0.82519.ckpt as top 3

Epoch 00006: val-rmse_log  was not in top 3

Epoch 00007: val-rmse_log  was not in top 3

Epoch 00008: val-rmse_log  was not in top 3

Epoch 00009: val-rmse_log reached 0.72498 (best 0.72498), saving model to /home/clear/fbartocc/output_data/depth_project/FrontCamMonocularDepthArgo/outputs/scratch_photo+vel_ranger_cosannealstart=25e-2_lr=9e-5_bs=8_resnet18_062720_182627/version_0/epoch=0009-val-rmse_log=0.72498.ckpt as top 3

Epoch 00010: val-rmse_log  was not in top 3

Epoch 00011: val-rmse_log reached 0.81394 (best 0.72498), saving model to /home/clear/fbartocc/output_data/depth_project/FrontCamMonocularDepthArgo/outputs/scratch_photo+vel_ranger_cosannealstart=25e-2_lr=9e-5_bs=8_resnet18_062720_182627/version_0/epoch=0011-val-rmse_log=0.81394.ckpt as top 3

Epoch 00012: val-rmse_log reached 0.81130 (best 0.72498), saving model to /home/clear/fbartocc/output_data/depth_project/FrontCamMonocularDepthArgo/outputs/scratch_photo+vel_ranger_cosannealstart=25e-2_lr=9e-5_bs=8_resnet18_062720_182627/version_0/epoch=0012-val-rmse_log=0.81130.ckpt as top 3

Epoch 00013: val-rmse_log  was not in top 3

Epoch 00014: val-rmse_log reached 0.78687 (best 0.72498), saving model to /home/clear/fbartocc/output_data/depth_project/FrontCamMonocularDepthArgo/outputs/scratch_photo+vel_ranger_cosannealstart=25e-2_lr=9e-5_bs=8_resnet18_062720_182627/version_0/epoch=0014-val-rmse_log=0.78687.ckpt as top 3
## OAR [2020-06-28 21:05:29] Job 292314 KILLED ##
