Preparing Datasets...
The depth from LiDAR data of each frame will be loaded from /home/clear/fbartocc/working_data/Argoverse_projected_lidar.
The depth from LiDAR data of each frame will be loaded from /home/clear/fbartocc/working_data/Argoverse_sparse_projected_lidar.
Dataset for split train ready.

------------------------------------------------------------------------------------------


The depth from LiDAR data of each frame will be loaded from /home/clear/fbartocc/working_data/Argoverse_projected_lidar.
Dataset for split val ready.

------------------------------------------------------------------------------------------


The depth from LiDAR data of each frame will be loaded from /home/clear/fbartocc/working_data/Argoverse_projected_lidar.
Dataset for split test ready.

------------------------------------------------------------------------------------------


Missing logger folder: /home/clear/fbartocc/output_data/depth_project/FrontCamMonocularDepthArgo/logs/scratch_reproj_ranger_cosannealstart=25e-2_lr=9e-5_bs=8_resnet18_062620_163347
GPU available: True, used: True
TPU available: False, using: 0 TPU cores
CUDA_VISIBLE_DEVICES: [3]
DepthNet's optimizer configured.
PoseNet's optimizer configured.
Optimizers and Schedulers configured.

  | Name                 | Type                     | Params
------------------------------------------------------------------
0 | depth_net            | DepthResNet              | 14 M  
1 | pose_net             | PoseResNet               | 13 M  
2 | self_supervised_loss | MultiViewPhotometricLoss | 0     
3 | supervised_loss      | ReprojectedLoss          | 0     
/opt/conda/conda-bld/pytorch_1587428094786/work/torch/csrc/utils/python_arg_parser.cpp:756: UserWarning: This overload of addcmul_ is deprecated:
	addcmul_(Number value, Tensor tensor1, Tensor tensor2)
Consider using one of the following signatures instead:
	addcmul_(Tensor tensor1, Tensor tensor2, *, Number value)

Epoch 00001: val-rmse_log reached 1.01997 (best 1.01997), saving model to /home/clear/fbartocc/output_data/depth_project/FrontCamMonocularDepthArgo/outputs/scratch_reproj_ranger_cosannealstart=25e-2_lr=9e-5_bs=8_resnet18_062620_163347/version_0/epoch=0001-val-rmse_log=1.01997.ckpt as top 3

Epoch 00002: val-rmse_log reached 0.85763 (best 0.85763), saving model to /home/clear/fbartocc/output_data/depth_project/FrontCamMonocularDepthArgo/outputs/scratch_reproj_ranger_cosannealstart=25e-2_lr=9e-5_bs=8_resnet18_062620_163347/version_0/epoch=0002-val-rmse_log=0.85763.ckpt as top 3

Epoch 00003: val-rmse_log reached 0.83425 (best 0.83425), saving model to /home/clear/fbartocc/output_data/depth_project/FrontCamMonocularDepthArgo/outputs/scratch_reproj_ranger_cosannealstart=25e-2_lr=9e-5_bs=8_resnet18_062620_163347/version_0/epoch=0003-val-rmse_log=0.83425.ckpt as top 3

Epoch 00004: val-rmse_log reached 0.83636 (best 0.83425), saving model to /home/clear/fbartocc/output_data/depth_project/FrontCamMonocularDepthArgo/outputs/scratch_reproj_ranger_cosannealstart=25e-2_lr=9e-5_bs=8_resnet18_062620_163347/version_0/epoch=0004-val-rmse_log=0.83636.ckpt as top 3

Epoch 00005: val-rmse_log reached 0.64171 (best 0.64171), saving model to /home/clear/fbartocc/output_data/depth_project/FrontCamMonocularDepthArgo/outputs/scratch_reproj_ranger_cosannealstart=25e-2_lr=9e-5_bs=8_resnet18_062620_163347/version_0/epoch=0005-val-rmse_log=0.64171.ckpt as top 3

Epoch 00006: val-rmse_log reached 0.62455 (best 0.62455), saving model to /home/clear/fbartocc/output_data/depth_project/FrontCamMonocularDepthArgo/outputs/scratch_reproj_ranger_cosannealstart=25e-2_lr=9e-5_bs=8_resnet18_062620_163347/version_0/epoch=0006-val-rmse_log=0.62455.ckpt as top 3

Epoch 00007: val-rmse_log reached 0.63421 (best 0.62455), saving model to /home/clear/fbartocc/output_data/depth_project/FrontCamMonocularDepthArgo/outputs/scratch_reproj_ranger_cosannealstart=25e-2_lr=9e-5_bs=8_resnet18_062620_163347/version_0/epoch=0007-val-rmse_log=0.63421.ckpt as top 3

Epoch 00008: val-rmse_log reached 0.60291 (best 0.60291), saving model to /home/clear/fbartocc/output_data/depth_project/FrontCamMonocularDepthArgo/outputs/scratch_reproj_ranger_cosannealstart=25e-2_lr=9e-5_bs=8_resnet18_062620_163347/version_0/epoch=0008-val-rmse_log=0.60291.ckpt as top 3

Epoch 00009: val-rmse_log reached 0.60131 (best 0.60131), saving model to /home/clear/fbartocc/output_data/depth_project/FrontCamMonocularDepthArgo/outputs/scratch_reproj_ranger_cosannealstart=25e-2_lr=9e-5_bs=8_resnet18_062620_163347/version_0/epoch=0009-val-rmse_log=0.60131.ckpt as top 3

Epoch 00010: val-rmse_log reached 0.60562 (best 0.60131), saving model to /home/clear/fbartocc/output_data/depth_project/FrontCamMonocularDepthArgo/outputs/scratch_reproj_ranger_cosannealstart=25e-2_lr=9e-5_bs=8_resnet18_062620_163347/version_0/epoch=0010-val-rmse_log=0.60562.ckpt as top 3

Epoch 00011: val-rmse_log reached 0.58264 (best 0.58264), saving model to /home/clear/fbartocc/output_data/depth_project/FrontCamMonocularDepthArgo/outputs/scratch_reproj_ranger_cosannealstart=25e-2_lr=9e-5_bs=8_resnet18_062620_163347/version_0/epoch=0011-val-rmse_log=0.58264.ckpt as top 3

Epoch 00012: val-rmse_log reached 0.59326 (best 0.58264), saving model to /home/clear/fbartocc/output_data/depth_project/FrontCamMonocularDepthArgo/outputs/scratch_reproj_ranger_cosannealstart=25e-2_lr=9e-5_bs=8_resnet18_062620_163347/version_0/epoch=0012-val-rmse_log=0.59326.ckpt as top 3

Epoch 00013: val-rmse_log reached 0.59461 (best 0.58264), saving model to /home/clear/fbartocc/output_data/depth_project/FrontCamMonocularDepthArgo/outputs/scratch_reproj_ranger_cosannealstart=25e-2_lr=9e-5_bs=8_resnet18_062620_163347/version_0/epoch=0013-val-rmse_log=0.59461.ckpt as top 3

Epoch 00014: val-rmse_log  was not in top 3

Epoch 00015: val-rmse_log reached 0.58752 (best 0.58264), saving model to /home/clear/fbartocc/output_data/depth_project/FrontCamMonocularDepthArgo/outputs/scratch_reproj_ranger_cosannealstart=25e-2_lr=9e-5_bs=8_resnet18_062620_163347/version_0/epoch=0015-val-rmse_log=0.58752.ckpt as top 3

Epoch 00016: val-rmse_log reached 0.54914 (best 0.54914), saving model to /home/clear/fbartocc/output_data/depth_project/FrontCamMonocularDepthArgo/outputs/scratch_reproj_ranger_cosannealstart=25e-2_lr=9e-5_bs=8_resnet18_062620_163347/version_0/epoch=0016-val-rmse_log=0.54914.ckpt as top 3

Epoch 00017: val-rmse_log reached 0.54774 (best 0.54774), saving model to /home/clear/fbartocc/output_data/depth_project/FrontCamMonocularDepthArgo/outputs/scratch_reproj_ranger_cosannealstart=25e-2_lr=9e-5_bs=8_resnet18_062620_163347/version_0/epoch=0017-val-rmse_log=0.54774.ckpt as top 3

Epoch 00018: val-rmse_log reached 0.54875 (best 0.54774), saving model to /home/clear/fbartocc/output_data/depth_project/FrontCamMonocularDepthArgo/outputs/scratch_reproj_ranger_cosannealstart=25e-2_lr=9e-5_bs=8_resnet18_062620_163347/version_0/epoch=0018-val-rmse_log=0.54875.ckpt as top 3

Epoch 00019: val-rmse_log  was not in top 3

Epoch 00020: val-rmse_log reached 0.54085 (best 0.54085), saving model to /home/clear/fbartocc/output_data/depth_project/FrontCamMonocularDepthArgo/outputs/scratch_reproj_ranger_cosannealstart=25e-2_lr=9e-5_bs=8_resnet18_062620_163347/version_0/epoch=0020-val-rmse_log=0.54085.ckpt as top 3

Epoch 00021: val-rmse_log reached 0.52983 (best 0.52983), saving model to /home/clear/fbartocc/output_data/depth_project/FrontCamMonocularDepthArgo/outputs/scratch_reproj_ranger_cosannealstart=25e-2_lr=9e-5_bs=8_resnet18_062620_163347/version_0/epoch=0021-val-rmse_log=0.52983.ckpt as top 3

Epoch 00022: val-rmse_log reached 0.53823 (best 0.52983), saving model to /home/clear/fbartocc/output_data/depth_project/FrontCamMonocularDepthArgo/outputs/scratch_reproj_ranger_cosannealstart=25e-2_lr=9e-5_bs=8_resnet18_062620_163347/version_0/epoch=0022-val-rmse_log=0.53823.ckpt as top 3

Epoch 00023: val-rmse_log reached 0.52876 (best 0.52876), saving model to /home/clear/fbartocc/output_data/depth_project/FrontCamMonocularDepthArgo/outputs/scratch_reproj_ranger_cosannealstart=25e-2_lr=9e-5_bs=8_resnet18_062620_163347/version_0/epoch=0023-val-rmse_log=0.52876.ckpt as top 3

Epoch 00024: val-rmse_log  was not in top 3

Epoch 00025: val-rmse_log reached 0.53209 (best 0.52876), saving model to /home/clear/fbartocc/output_data/depth_project/FrontCamMonocularDepthArgo/outputs/scratch_reproj_ranger_cosannealstart=25e-2_lr=9e-5_bs=8_resnet18_062620_163347/version_0/epoch=0025-val-rmse_log=0.53209.ckpt as top 3

Epoch 00026: val-rmse_log  was not in top 3

Epoch 00027: val-rmse_log reached 0.52232 (best 0.52232), saving model to /home/clear/fbartocc/output_data/depth_project/FrontCamMonocularDepthArgo/outputs/scratch_reproj_ranger_cosannealstart=25e-2_lr=9e-5_bs=8_resnet18_062620_163347/version_0/epoch=0027-val-rmse_log=0.52232.ckpt as top 3

Epoch 00028: val-rmse_log  was not in top 3

Epoch 00029: val-rmse_log  was not in top 3

Epoch 00030: val-rmse_log  was not in top 3

Epoch 00031: val-rmse_log  was not in top 3

Epoch 00032: val-rmse_log  was not in top 3

Epoch 00033: val-rmse_log  was not in top 3

Epoch 00034: val-rmse_log  was not in top 3

Epoch 00035: val-rmse_log  was not in top 3

Epoch 00036: val-rmse_log  was not in top 3

Epoch 00037: val-rmse_log  was not in top 3

Epoch 00038: val-rmse_log  was not in top 3

Epoch 00039: val-rmse_log  was not in top 3

Epoch 00040: val-rmse_log  was not in top 3

Epoch 00041: val-rmse_log  was not in top 3

Epoch 00042: val-rmse_log  was not in top 3

Epoch 00043: val-rmse_log  was not in top 3

Epoch 00044: val-rmse_log  was not in top 3

Epoch 00045: val-rmse_log  was not in top 3

Epoch 00046: val-rmse_log  was not in top 3

Epoch 00047: val-rmse_log  was not in top 3

Epoch 00048: val-rmse_log  was not in top 3

Epoch 00049: val-rmse_log  was not in top 3

Epoch 00050: val-rmse_log  was not in top 3
DepthNet's optimizer configured.
PoseNet's optimizer configured.
Optimizers and Schedulers configured.
