Preparing Datasets...
The GT depth from LiDAR data of each frame will be loaded from /home/clear/fbartocc/working_data/Argoverse_projected_lidar.
The sparse depth from LiDAR data of each frame will be loaded from /home/clear/fbartocc/working_data/Argoverse_sparse_projected_lidar.
Dataset for split train ready.

------------------------------------------------------------------------------------------


The GT depth from LiDAR data of each frame will be loaded from /home/clear/fbartocc/working_data/Argoverse_projected_lidar.
The sparse depth from LiDAR data of each frame will be loaded from /home/clear/fbartocc/working_data/Argoverse_sparse_projected_lidar.
Dataset for split val ready.

------------------------------------------------------------------------------------------


The GT depth from LiDAR data of each frame will be loaded from /home/clear/fbartocc/working_data/Argoverse_projected_lidar.
The sparse depth from LiDAR data of each frame will be loaded from /home/clear/fbartocc/working_data/Argoverse_sparse_projected_lidar.
Dataset for split test ready.

------------------------------------------------------------------------------------------


Missing logger folder: /home/clear/fbartocc/output_data/depth_project/FrontCamMonocularDepthArgo/logs/pretrained_D_reproj_ranger_cosannealstart=25e-2_lr=9e-5_bs=8_resnet18_062820_162612
GPU available: True, used: True
TPU available: False, using: 0 TPU cores
CUDA_VISIBLE_DEVICES: [1]
DepthNet's optimizer configured.
PoseNet's optimizer configured.
Optimizers and Schedulers configured.

  | Name                 | Type                     | Params
------------------------------------------------------------------
0 | depth_net            | DepthResNet              | 14 M  
1 | pose_net             | PoseResNet               | 13 M  
2 | self_supervised_loss | MultiViewPhotometricLoss | 0     
3 | supervised_loss      | ReprojectedLoss          | 0     
/opt/conda/conda-bld/pytorch_1587428094786/work/torch/csrc/utils/python_arg_parser.cpp:756: UserWarning: This overload of addcmul_ is deprecated:
	addcmul_(Number value, Tensor tensor1, Tensor tensor2)
Consider using one of the following signatures instead:
	addcmul_(Tensor tensor1, Tensor tensor2, *, Number value)

Epoch 00001: val-rmse_log reached 0.47350 (best 0.47350), saving model to /home/clear/fbartocc/output_data/depth_project/FrontCamMonocularDepthArgo/outputs/pretrained_D_reproj_ranger_cosannealstart=25e-2_lr=9e-5_bs=8_resnet18_062820_162612/version_0/epoch=0001-val-rmse_log=0.47350.ckpt as top 3

Epoch 00002: val-rmse_log reached 0.46474 (best 0.46474), saving model to /home/clear/fbartocc/output_data/depth_project/FrontCamMonocularDepthArgo/outputs/pretrained_D_reproj_ranger_cosannealstart=25e-2_lr=9e-5_bs=8_resnet18_062820_162612/version_0/epoch=0002-val-rmse_log=0.46474.ckpt as top 3

Epoch 00003: val-rmse_log reached 0.46033 (best 0.46033), saving model to /home/clear/fbartocc/output_data/depth_project/FrontCamMonocularDepthArgo/outputs/pretrained_D_reproj_ranger_cosannealstart=25e-2_lr=9e-5_bs=8_resnet18_062820_162612/version_0/epoch=0003-val-rmse_log=0.46033.ckpt as top 3

Epoch 00004: val-rmse_log reached 0.45592 (best 0.45592), saving model to /home/clear/fbartocc/output_data/depth_project/FrontCamMonocularDepthArgo/outputs/pretrained_D_reproj_ranger_cosannealstart=25e-2_lr=9e-5_bs=8_resnet18_062820_162612/version_0/epoch=0004-val-rmse_log=0.45592.ckpt as top 3

Epoch 00005: val-rmse_log reached 0.45163 (best 0.45163), saving model to /home/clear/fbartocc/output_data/depth_project/FrontCamMonocularDepthArgo/outputs/pretrained_D_reproj_ranger_cosannealstart=25e-2_lr=9e-5_bs=8_resnet18_062820_162612/version_0/epoch=0005-val-rmse_log=0.45163.ckpt as top 3

Epoch 00006: val-rmse_log  was not in top 3

Epoch 00007: val-rmse_log reached 0.44988 (best 0.44988), saving model to /home/clear/fbartocc/output_data/depth_project/FrontCamMonocularDepthArgo/outputs/pretrained_D_reproj_ranger_cosannealstart=25e-2_lr=9e-5_bs=8_resnet18_062820_162612/version_0/epoch=0007-val-rmse_log=0.44988.ckpt as top 3

Epoch 00008: val-rmse_log  was not in top 3

Epoch 00009: val-rmse_log reached 0.45389 (best 0.44988), saving model to /home/clear/fbartocc/output_data/depth_project/FrontCamMonocularDepthArgo/outputs/pretrained_D_reproj_ranger_cosannealstart=25e-2_lr=9e-5_bs=8_resnet18_062820_162612/version_0/epoch=0009-val-rmse_log=0.45389.ckpt as top 3

Epoch 00010: val-rmse_log  was not in top 3

Epoch 00011: val-rmse_log  was not in top 3

Epoch 00012: val-rmse_log  was not in top 3

Epoch 00013: val-rmse_log  was not in top 3

Epoch 00014: val-rmse_log  was not in top 3

Epoch 00015: val-rmse_log  was not in top 3

Epoch 00016: val-rmse_log reached 0.44587 (best 0.44587), saving model to /home/clear/fbartocc/output_data/depth_project/FrontCamMonocularDepthArgo/outputs/pretrained_D_reproj_ranger_cosannealstart=25e-2_lr=9e-5_bs=8_resnet18_062820_162612/version_0/epoch=0016-val-rmse_log=0.44587.ckpt as top 3

Epoch 00017: val-rmse_log  was not in top 3

Epoch 00018: val-rmse_log  was not in top 3

Epoch 00019: val-rmse_log  was not in top 3

Epoch 00020: val-rmse_log reached 0.44305 (best 0.44305), saving model to /home/clear/fbartocc/output_data/depth_project/FrontCamMonocularDepthArgo/outputs/pretrained_D_reproj_ranger_cosannealstart=25e-2_lr=9e-5_bs=8_resnet18_062820_162612/version_0/epoch=0020-val-rmse_log=0.44305.ckpt as top 3

Epoch 00021: val-rmse_log  was not in top 3

Epoch 00022: val-rmse_log  was not in top 3

Epoch 00023: val-rmse_log  was not in top 3

Epoch 00024: val-rmse_log  was not in top 3

Epoch 00025: val-rmse_log  was not in top 3

Epoch 00026: val-rmse_log reached 0.44888 (best 0.44305), saving model to /home/clear/fbartocc/output_data/depth_project/FrontCamMonocularDepthArgo/outputs/pretrained_D_reproj_ranger_cosannealstart=25e-2_lr=9e-5_bs=8_resnet18_062820_162612/version_0/epoch=0026-val-rmse_log=0.44888.ckpt as top 3

Epoch 00027: val-rmse_log  was not in top 3

Epoch 00028: val-rmse_log  was not in top 3

Epoch 00029: val-rmse_log  was not in top 3

Epoch 00030: val-rmse_log  was not in top 3

Epoch 00031: val-rmse_log  was not in top 3

Epoch 00032: val-rmse_log  was not in top 3

Epoch 00033: val-rmse_log  was not in top 3
## OAR [2020-06-29 10:28:00] Job 292427 KILLED ##
