Preparing Datasets...
The GT depth from LiDAR data of each frame will be loaded from /home/clear/fbartocc/working_data/Argoverse_projected_lidar.
The sparse depth from LiDAR data of each frame will be loaded from /home/clear/fbartocc/working_data/Argoverse_sparse_projected_lidar.
Dataset for split train ready.

------------------------------------------------------------------------------------------


The GT depth from LiDAR data of each frame will be loaded from /home/clear/fbartocc/working_data/Argoverse_projected_lidar.
The sparse depth from LiDAR data of each frame will be loaded from /home/clear/fbartocc/working_data/Argoverse_sparse_projected_lidar.
Dataset for split val ready.

------------------------------------------------------------------------------------------


The GT depth from LiDAR data of each frame will be loaded from /home/clear/fbartocc/working_data/Argoverse_projected_lidar.
The sparse depth from LiDAR data of each frame will be loaded from /home/clear/fbartocc/working_data/Argoverse_sparse_projected_lidar.
Dataset for split test ready.

------------------------------------------------------------------------------------------


Missing logger folder: /home/clear/fbartocc/output_data/depth_project/FrontCamMonocularDepthArgo/logs/rdm_guiding_scratch_photo_ranger_cosannealstart=25e-2_lr=9e-5_bs=8_resnet18_062920_081217
GPU available: True, used: True
TPU available: False, using: 0 TPU cores
CUDA_VISIBLE_DEVICES: [0]
DepthNet's optimizer configured.
PoseNet's optimizer configured.
Optimizers and Schedulers configured.

  | Name                 | Type                     | Params
------------------------------------------------------------------
0 | depth_net            | GuidedDepthResNet        | 26 M  
1 | pose_net             | PoseResNet               | 13 M  
2 | self_supervised_loss | MultiViewPhotometricLoss | 0     
/opt/conda/conda-bld/pytorch_1587428094786/work/torch/csrc/utils/python_arg_parser.cpp:756: UserWarning: This overload of addcmul_ is deprecated:
	addcmul_(Number value, Tensor tensor1, Tensor tensor2)
Consider using one of the following signatures instead:
	addcmul_(Tensor tensor1, Tensor tensor2, *, Number value)

Epoch 00001: val-rmse_log reached 0.70758 (best 0.70758), saving model to /home/clear/fbartocc/output_data/depth_project/FrontCamMonocularDepthArgo/outputs/rdm_guiding_scratch_photo_ranger_cosannealstart=25e-2_lr=9e-5_bs=8_resnet18_062920_081217/version_0/epoch=0001-val-rmse_log=0.70758.ckpt as top 3

Epoch 00002: val-rmse_log reached 0.62133 (best 0.62133), saving model to /home/clear/fbartocc/output_data/depth_project/FrontCamMonocularDepthArgo/outputs/rdm_guiding_scratch_photo_ranger_cosannealstart=25e-2_lr=9e-5_bs=8_resnet18_062920_081217/version_0/epoch=0002-val-rmse_log=0.62133.ckpt as top 3

Epoch 00003: val-rmse_log reached 0.54944 (best 0.54944), saving model to /home/clear/fbartocc/output_data/depth_project/FrontCamMonocularDepthArgo/outputs/rdm_guiding_scratch_photo_ranger_cosannealstart=25e-2_lr=9e-5_bs=8_resnet18_062920_081217/version_0/epoch=0003-val-rmse_log=0.54944.ckpt as top 3

Epoch 00004: val-rmse_log reached 0.55171 (best 0.54944), saving model to /home/clear/fbartocc/output_data/depth_project/FrontCamMonocularDepthArgo/outputs/rdm_guiding_scratch_photo_ranger_cosannealstart=25e-2_lr=9e-5_bs=8_resnet18_062920_081217/version_0/epoch=0004-val-rmse_log=0.55171.ckpt as top 3

Epoch 00005: val-rmse_log reached 0.51859 (best 0.51859), saving model to /home/clear/fbartocc/output_data/depth_project/FrontCamMonocularDepthArgo/outputs/rdm_guiding_scratch_photo_ranger_cosannealstart=25e-2_lr=9e-5_bs=8_resnet18_062920_081217/version_0/epoch=0005-val-rmse_log=0.51859.ckpt as top 3

Epoch 00006: val-rmse_log reached 0.52715 (best 0.51859), saving model to /home/clear/fbartocc/output_data/depth_project/FrontCamMonocularDepthArgo/outputs/rdm_guiding_scratch_photo_ranger_cosannealstart=25e-2_lr=9e-5_bs=8_resnet18_062920_081217/version_0/epoch=0006-val-rmse_log=0.52715.ckpt as top 3

Epoch 00007: val-rmse_log reached 0.50515 (best 0.50515), saving model to /home/clear/fbartocc/output_data/depth_project/FrontCamMonocularDepthArgo/outputs/rdm_guiding_scratch_photo_ranger_cosannealstart=25e-2_lr=9e-5_bs=8_resnet18_062920_081217/version_0/epoch=0007-val-rmse_log=0.50515.ckpt as top 3

Epoch 00008: val-rmse_log reached 0.50789 (best 0.50515), saving model to /home/clear/fbartocc/output_data/depth_project/FrontCamMonocularDepthArgo/outputs/rdm_guiding_scratch_photo_ranger_cosannealstart=25e-2_lr=9e-5_bs=8_resnet18_062920_081217/version_0/epoch=0008-val-rmse_log=0.50789.ckpt as top 3

Epoch 00009: val-rmse_log  was not in top 3

Epoch 00010: val-rmse_log reached 0.50933 (best 0.50515), saving model to /home/clear/fbartocc/output_data/depth_project/FrontCamMonocularDepthArgo/outputs/rdm_guiding_scratch_photo_ranger_cosannealstart=25e-2_lr=9e-5_bs=8_resnet18_062920_081217/version_0/epoch=0010-val-rmse_log=0.50933.ckpt as top 3

Epoch 00011: val-rmse_log reached 0.50451 (best 0.50451), saving model to /home/clear/fbartocc/output_data/depth_project/FrontCamMonocularDepthArgo/outputs/rdm_guiding_scratch_photo_ranger_cosannealstart=25e-2_lr=9e-5_bs=8_resnet18_062920_081217/version_0/epoch=0011-val-rmse_log=0.50451.ckpt as top 3

Epoch 00012: val-rmse_log reached 0.49831 (best 0.49831), saving model to /home/clear/fbartocc/output_data/depth_project/FrontCamMonocularDepthArgo/outputs/rdm_guiding_scratch_photo_ranger_cosannealstart=25e-2_lr=9e-5_bs=8_resnet18_062920_081217/version_0/epoch=0012-val-rmse_log=0.49831.ckpt as top 3

Epoch 00013: val-rmse_log  was not in top 3

Epoch 00014: val-rmse_log reached 0.50325 (best 0.49831), saving model to /home/clear/fbartocc/output_data/depth_project/FrontCamMonocularDepthArgo/outputs/rdm_guiding_scratch_photo_ranger_cosannealstart=25e-2_lr=9e-5_bs=8_resnet18_062920_081217/version_0/epoch=0014-val-rmse_log=0.50325.ckpt as top 3

Epoch 00015: val-rmse_log  was not in top 3

Epoch 00016: val-rmse_log  was not in top 3

Epoch 00017: val-rmse_log  was not in top 3

Epoch 00018: val-rmse_log  was not in top 3

Epoch 00019: val-rmse_log  was not in top 3

Epoch 00020: val-rmse_log reached 0.49572 (best 0.49572), saving model to /home/clear/fbartocc/output_data/depth_project/FrontCamMonocularDepthArgo/outputs/rdm_guiding_scratch_photo_ranger_cosannealstart=25e-2_lr=9e-5_bs=8_resnet18_062920_081217/version_0/epoch=0020-val-rmse_log=0.49572.ckpt as top 3

Epoch 00021: val-rmse_log  was not in top 3

Epoch 00022: val-rmse_log  was not in top 3

Epoch 00023: val-rmse_log  was not in top 3

Epoch 00024: val-rmse_log  was not in top 3

Epoch 00025: val-rmse_log  was not in top 3

Epoch 00026: val-rmse_log  was not in top 3

Epoch 00027: val-rmse_log  was not in top 3

Epoch 00028: val-rmse_log  was not in top 3

Epoch 00029: val-rmse_log reached 0.50302 (best 0.49572), saving model to /home/clear/fbartocc/output_data/depth_project/FrontCamMonocularDepthArgo/outputs/rdm_guiding_scratch_photo_ranger_cosannealstart=25e-2_lr=9e-5_bs=8_resnet18_062920_081217/version_0/epoch=0029-val-rmse_log=0.50302.ckpt as top 3

Epoch 00030: val-rmse_log  was not in top 3

Epoch 00031: val-rmse_log  was not in top 3

Epoch 00032: val-rmse_log  was not in top 3

Epoch 00033: val-rmse_log  was not in top 3

Epoch 00034: val-rmse_log  was not in top 3

Epoch 00035: val-rmse_log  was not in top 3

Epoch 00036: val-rmse_log  was not in top 3

Epoch 00037: val-rmse_log  was not in top 3

Epoch 00038: val-rmse_log  was not in top 3

Epoch 00039: val-rmse_log  was not in top 3

Epoch 00040: val-rmse_log  was not in top 3

Epoch 00041: val-rmse_log  was not in top 3

Epoch 00042: val-rmse_log  was not in top 3

Epoch 00043: val-rmse_log  was not in top 3

Epoch 00044: val-rmse_log  was not in top 3

Epoch 00045: val-rmse_log  was not in top 3

Epoch 00046: val-rmse_log  was not in top 3

Epoch 00047: val-rmse_log  was not in top 3

Epoch 00048: val-rmse_log  was not in top 3

Epoch 00049: val-rmse_log  was not in top 3

Epoch 00050: val-rmse_log  was not in top 3
DepthNet's optimizer configured.
PoseNet's optimizer configured.
Optimizers and Schedulers configured.
